2024-09-11 02:12:40,050 - main - INFO - --- Starting up application ---
2024-09-11 02:12:40,050 - main - INFO - --- Starting up application ---
2024-09-11 02:13:41,243 - utils.wrapers - INFO - Executing login_user with {'user_data': UserAuthSchema(username='test', password=SecretStr('**********'))}
2024-09-11 02:13:41,243 - utils.wrapers - INFO - Executing login_user with {'user_data': UserAuthSchema(username='test', password=SecretStr('**********'))}
2024-09-11 02:14:16,496 - utils.wrapers - INFO - Executing login_user with {'user_data': UserAuthSchema(username='test', password=SecretStr('**********'))}
2024-09-11 02:14:16,496 - utils.wrapers - INFO - Executing login_user with {'user_data': UserAuthSchema(username='test', password=SecretStr('**********'))}
2024-09-11 02:15:09,725 - utils.wrapers - INFO - Executing logout_user with {'response': <starlette.responses.Response object at 0x000002CD8A9C1610>}
2024-09-11 02:15:09,725 - utils.wrapers - INFO - Executing logout_user with {'response': <starlette.responses.Response object at 0x000002CD8A9C1610>}
2024-09-11 02:15:09,725 - utils.wrapers - INFO - logout_user executed successfully with {'response': <starlette.responses.Response object at 0x000002CD8A9C1610>}
2024-09-11 02:15:09,725 - utils.wrapers - INFO - logout_user executed successfully with {'response': <starlette.responses.Response object at 0x000002CD8A9C1610>}
2024-09-11 02:15:40,857 - utils.wrapers - INFO - Executing login_user with {'user_data': UserAuthSchema(username='test', password=SecretStr('**********'))}
2024-09-11 02:15:40,857 - utils.wrapers - INFO - Executing login_user with {'user_data': UserAuthSchema(username='test', password=SecretStr('**********'))}
2024-09-11 02:15:48,631 - utils.wrapers - INFO - Executing login_user with {'user_data': UserAuthSchema(username='test', password=SecretStr('**********'))}
2024-09-11 02:15:48,631 - utils.wrapers - INFO - Executing login_user with {'user_data': UserAuthSchema(username='test', password=SecretStr('**********'))}
2024-09-11 02:15:56,941 - main - INFO - --- Shutting down application ---
2024-09-11 02:15:56,941 - main - INFO - --- Shutting down application ---
2024-09-11 02:16:00,093 - main - INFO - --- Starting up application ---
2024-09-11 02:16:00,093 - main - INFO - --- Starting up application ---
2024-09-11 02:16:27,412 - users.dependencies - ERROR - Token is absent in the request cookies
2024-09-11 02:16:27,412 - users.dependencies - ERROR - Token is absent in the request cookies
2024-09-11 02:16:29,556 - users.dependencies - ERROR - Token is absent in the request cookies
2024-09-11 02:16:29,556 - users.dependencies - ERROR - Token is absent in the request cookies
2024-09-11 02:16:34,486 - users.dependencies - ERROR - Token is absent in the request cookies
2024-09-11 02:16:34,486 - users.dependencies - ERROR - Token is absent in the request cookies
2024-09-11 02:18:31,874 - main - INFO - --- Starting up application ---
2024-09-11 02:18:31,874 - main - INFO - --- Starting up application ---
2024-09-11 02:19:38,792 - main - INFO - --- Starting up application ---
2024-09-11 02:19:38,792 - main - INFO - --- Starting up application ---
2024-09-11 02:20:29,048 - __main__ - INFO - --- Starting up application ---
2024-09-11 02:21:19,383 - __main__ - INFO - --- Starting up application ---
2024-09-11 02:21:44,484 - utils.wrapers - INFO - Executing login_user with {'user_data': UserAuthSchema(username='test', password=SecretStr('**********'))}
2024-09-11 02:21:44,484 - utils.wrapers - INFO - Executing login_user with {'user_data': UserAuthSchema(username='test', password=SecretStr('**********'))}
2024-09-11 02:23:55,745 - __main__ - INFO - --- Starting up application ---
2024-09-11 02:24:09,344 - __main__ - INFO - --- Starting up application ---
2024-09-11 02:25:57,532 - main - INFO - --- Starting up application ---
2024-09-11 02:25:57,532 - main - INFO - --- Starting up application ---
2024-09-11 02:25:58,838 - utils.wrapers - INFO - Executing login_user with {'user_data': UserAuthSchema(username='test', password=SecretStr('**********'))}
2024-09-11 02:25:58,838 - utils.wrapers - INFO - Executing login_user with {'user_data': UserAuthSchema(username='test', password=SecretStr('**********'))}
2024-09-11 02:26:50,541 - main - INFO - --- Shutting down application ---
2024-09-11 02:26:50,541 - main - INFO - --- Shutting down application ---
2024-09-11 02:26:52,884 - main - INFO - --- Starting up application ---
2024-09-11 02:26:52,884 - main - INFO - --- Starting up application ---
2024-09-11 02:27:12,091 - main - INFO - --- Shutting down application ---
2024-09-11 02:27:12,091 - main - INFO - --- Shutting down application ---
2024-09-11 02:33:02,442 - main - INFO - --- Starting up application ---
2024-09-11 02:33:02,442 - main - INFO - --- Starting up application ---
2024-09-11 02:33:32,855 - __main__ - INFO - --- Starting up application ---
2024-09-11 02:33:45,084 - utils.wrapers - INFO - Executing get_authors with kwargs: {}
2024-09-11 02:33:45,084 - utils.wrapers - INFO - Executing get_authors with kwargs: {}
2024-09-11 02:33:45,128 - utils.wrapers - INFO - get_authors executed successfully with kwargs: {}
2024-09-11 02:33:45,128 - utils.wrapers - INFO - get_authors executed successfully with kwargs: {}
2024-09-11 02:34:05,316 - utils.wrapers - INFO - Executing get_author_by_id with kwargs: {'author_id': 1}
2024-09-11 02:34:05,316 - utils.wrapers - INFO - Executing get_author_by_id with kwargs: {'author_id': 1}
2024-09-11 02:34:05,320 - utils.wrapers - INFO - get_author_by_id executed successfully with kwargs: {'author_id': 1}
2024-09-11 02:34:05,320 - utils.wrapers - INFO - get_author_by_id executed successfully with kwargs: {'author_id': 1}
2024-09-11 02:39:03,964 - __main__ - INFO - --- Starting up application ---
2024-09-11 02:39:12,643 - utils.wrapers - INFO - Executing get_author_by_id with kwargs: {'author_id': 1}
2024-09-11 02:39:12,652 - utils.wrapers - INFO - get_author_by_id executed successfully with kwargs: {'author_id': 1}
2024-09-11 04:37:39,469 - __main__ - INFO - --- Starting up application ---
2024-09-11 04:38:53,814 - __main__ - INFO - --- Starting up application ---
2024-09-11 04:40:11,723 - utils.wrapers - INFO - Executing login_user with {'user_data': UserAuthSchema(username='test', password=SecretStr('**********'))}
2024-09-11 04:40:11,807 - passlib.handlers.bcrypt - WARNING - (trapped) error reading bcrypt version
Traceback (most recent call last):
  File "C:\Users\dkultyshev\AppData\Local\pypoetry\Cache\virtualenvs\info-about-book-api-NAxvsixn-py3.11\Lib\site-packages\passlib\handlers\bcrypt.py", line 620, in _load_backend_mixin
    version = _bcrypt.__about__.__version__
              ^^^^^^^^^^^^^^^^^
AttributeError: module 'bcrypt' has no attribute '__about__'
2024-09-11 04:40:12,034 - utils.wrapers - INFO - login_user executed successfully with {'user_data': UserAuthSchema(username='test', password=SecretStr('**********'))}
2024-09-11 04:40:25,574 - utils.wrapers - INFO - Executing get_authors with kwargs: {}
2024-09-11 04:40:25,599 - utils.wrapers - INFO - get_authors executed successfully with kwargs: {}
2024-09-11 04:40:36,947 - utils.wrapers - INFO - Executing get_author_by_id with kwargs: {'author_id': 1}
2024-09-11 04:40:36,950 - utils.wrapers - INFO - get_author_by_id executed successfully with kwargs: {'author_id': 1}
2024-09-11 05:05:15,211 - __main__ - INFO - --- Starting up application ---
2024-09-11 05:06:25,551 - utils.wrapers - INFO - Executing login_user with {'user_data': UserAuthSchema(username='test', password=SecretStr('**********'))}
2024-09-11 05:06:25,635 - passlib.handlers.bcrypt - WARNING - (trapped) error reading bcrypt version
Traceback (most recent call last):
  File "C:\Users\dkultyshev\AppData\Local\pypoetry\Cache\virtualenvs\info-about-book-api-NAxvsixn-py3.11\Lib\site-packages\passlib\handlers\bcrypt.py", line 620, in _load_backend_mixin
    version = _bcrypt.__about__.__version__
              ^^^^^^^^^^^^^^^^^
AttributeError: module 'bcrypt' has no attribute '__about__'
2024-09-11 05:06:25,859 - utils.wrapers - INFO - login_user executed successfully with {'user_data': UserAuthSchema(username='test', password=SecretStr('**********'))}
2024-09-11 05:07:02,697 - utils.wrapers - INFO - Executing logout_user with {'response': <starlette.responses.Response object at 0x000002BCF6B7B0D0>}
2024-09-11 05:07:02,697 - utils.wrapers - INFO - logout_user executed successfully with {'response': <starlette.responses.Response object at 0x000002BCF6B7B0D0>}
