
2024-09-11 09:54:33,060 - utils.wrapers - INFO - Executing get_author_by_id with kwargs: {'author_id': 333}

2024-09-11 17:15:14,132 - __main__ - INFO - --- Starting up application ---
2024-09-11 17:16:24,292 - utils.wrapers - INFO - Executing login_user with {'user_data': UserAuthSchema(username='test', password=SecretStr('**********'))}
2024-09-11 17:16:24,510 - passlib.handlers.bcrypt - WARNING - (trapped) error reading bcrypt version
Traceback (most recent call last):
  File "C:\Users\dkultyshev\AppData\Local\pypoetry\Cache\virtualenvs\info-about-book-api-NAxvsixn-py3.11\Lib\site-packages\passlib\handlers\bcrypt.py", line 620, in _load_backend_mixin
    version = _bcrypt.__about__.__version__
              ^^^^^^^^^^^^^^^^^
AttributeError: module 'bcrypt' has no attribute '__about__'
2024-09-11 17:16:24,738 - utils.wrapers - INFO - login_user executed successfully with {'user_data': UserAuthSchema(username='test', password=SecretStr('**********'))}
2024-09-11 17:16:29,933 - utils.wrapers - INFO - Executing logout_user with {'response': <starlette.responses.Response object at 0x00000270D9698890>}
2024-09-11 17:16:29,933 - utils.wrapers - INFO - logout_user executed successfully with {'response': <starlette.responses.Response object at 0x00000270D9698890>}
2024-09-11 17:16:48,087 - utils.wrapers - INFO - Executing register_user with {'user_data': UserAuthSchema(username='lol', password=SecretStr('**********'))}
2024-09-11 17:16:48,323 - utils.wrapers - INFO - register_user executed successfully with {'user_data': UserAuthSchema(username='lol', password=SecretStr('**********'))}
2024-09-11 17:17:09,655 - users.dependencies - ERROR - Token is absent in the request cookies
2024-09-11 17:17:33,260 - utils.wrapers - INFO - Executing login_user with {'user_data': UserAuthSchema(username='lol', password=SecretStr('**********'))}
2024-09-11 17:17:33,474 - users.auth - INFO - Invalid password for user: lol
2024-09-11 17:17:52,349 - utils.wrapers - INFO - Executing login_user with {'user_data': UserAuthSchema(username='lol', password=SecretStr('**********'))}
2024-09-11 17:17:52,571 - users.auth - INFO - Invalid password for user: lol
2024-09-11 17:18:02,008 - utils.wrapers - INFO - Executing login_user with {'user_data': UserAuthSchema(username='test', password=SecretStr('**********'))}
2024-09-11 17:18:02,219 - utils.wrapers - INFO - login_user executed successfully with {'user_data': UserAuthSchema(username='test', password=SecretStr('**********'))}
2024-09-11 17:18:19,991 - utils.wrapers - INFO - Executing login_user with {'user_data': UserAuthSchema(username='user', password=SecretStr('**********'))}
2024-09-11 17:18:20,203 - utils.wrapers - INFO - login_user executed successfully with {'user_data': UserAuthSchema(username='user', password=SecretStr('**********'))}
2024-09-11 17:18:56,574 - __main__ - INFO - --- Starting up application ---
2024-09-11 17:19:05,555 - utils.wrapers - INFO - Executing login_user with {'user_data': UserAuthSchema(username='lol', password=SecretStr('**********'))}
2024-09-11 17:19:16,446 - __main__ - INFO - --- Starting up application ---
2024-09-11 17:19:32,196 - utils.wrapers - INFO - Executing delete_user with {'username': 'lol'}
2024-09-11 17:19:32,414 - utils.wrapers - INFO - delete_user executed successfully with {'username': 'lol'}
2024-09-11 17:19:45,403 - utils.wrapers - INFO - Executing register_user with {'user_data': UserAuthSchema(username='lol', password=SecretStr('**********'))}
2024-09-11 17:19:45,408 - passlib.handlers.bcrypt - WARNING - (trapped) error reading bcrypt version
Traceback (most recent call last):
  File "C:\Users\dkultyshev\AppData\Local\pypoetry\Cache\virtualenvs\info-about-book-api-NAxvsixn-py3.11\Lib\site-packages\passlib\handlers\bcrypt.py", line 620, in _load_backend_mixin
    version = _bcrypt.__about__.__version__
              ^^^^^^^^^^^^^^^^^
AttributeError: module 'bcrypt' has no attribute '__about__'
2024-09-11 17:19:45,641 - utils.wrapers - INFO - register_user executed successfully with {'user_data': UserAuthSchema(username='lol', password=SecretStr('**********'))}
2024-09-11 17:19:52,398 - utils.wrapers - INFO - Executing login_user with {'user_data': UserAuthSchema(username='lol', password=SecretStr('**********'))}
2024-09-11 17:19:52,609 - utils.wrapers - INFO - login_user executed successfully with {'user_data': UserAuthSchema(username='lol', password=SecretStr('**********'))}
2024-09-11 17:20:08,427 - utils.wrapers - INFO - Executing get_authors with kwargs: {}
2024-09-11 17:20:08,443 - utils.wrapers - INFO - get_authors executed successfully with kwargs: {}
2024-09-11 17:20:15,872 - utils.wrapers - INFO - Executing logout_user with {'response': <starlette.responses.Response object at 0x0000019715CF0F90>}
2024-09-11 17:20:15,873 - utils.wrapers - INFO - logout_user executed successfully with {'response': <starlette.responses.Response object at 0x0000019715CF0F90>}
2024-09-11 17:20:18,798 - users.dependencies - ERROR - Token is absent in the request cookies
2024-09-11 17:20:23,406 - utils.wrapers - INFO - Executing login_user with {'user_data': UserAuthSchema(username='lol', password=SecretStr('**********'))}
2024-09-11 17:20:23,616 - utils.wrapers - INFO - login_user executed successfully with {'user_data': UserAuthSchema(username='lol', password=SecretStr('**********'))}
2024-09-11 17:20:27,735 - utils.wrapers - INFO - Executing get_authors with kwargs: {}
2024-09-11 17:20:27,741 - utils.wrapers - INFO - get_authors executed successfully with kwargs: {}
2024-09-11 17:40:11,651 - utils.wrapers - INFO - Executing delete_user with {'username': 'lol'}
2024-09-11 17:40:11,656 - utils.wrapers - INFO - delete_user executed successfully with {'username': 'lol'}
2024-09-11 17:40:17,328 - utils.wrapers - INFO - Executing delete_user with {'username': 'test5'}
2024-09-11 17:40:17,332 - utils.wrapers - INFO - delete_user executed successfully with {'username': 'test5'}
2024-09-11 17:40:20,268 - utils.wrapers - INFO - Executing delete_user with {'username': 'test6'}
2024-09-11 17:40:20,272 - utils.wrapers - INFO - delete_user executed successfully with {'username': 'test6'}
2024-09-11 18:45:34,384 - __main__ - INFO - --- Starting up application ---
